# JRE version: OpenJDK Runtime Environment Temurin-21.0.12.1+1 (21.0.12.1+1) (build 21.0.12.1+1-LTS)
# Java VM: OpenJDK 64-Bit Server VM Temurin-21.0.12.1+1 (21.0.12.1+1-LTS, mixed mode, sharing, tiered, compressed oops, compressed class ptrs, parallel gc, windows-amd64)
GC Precious Log:
 CardTable entry size: 512
 CPUs: 4 total, 4 available
 Memory: 7886M
 Large Page Support: Disabled
 NUMA Support: Disabled
 Compressed Oops: Enabled (32-bit)
 Alignments: Space 512K, Generation 512K, Heap 2M
 Heap Min Capacity: 100M
 Heap Initial Capacity: 100M
 Heap Max Capacity: 2G
 Pre-touch: Disabled
 Parallel Workers: 4
Heap:
 PSYoungGen      total 16896K, used 9595K [0x00000000d5580000, 0x00000000d6700000, 0x0000000100000000)
  eden space 16384K, 58% used [0x00000000d5580000,0x00000000d5eced20,0x00000000d6580000)
  from space 512K, 12% used [0x00000000d6600000,0x00000000d6610000,0x00000000d6680000)
  to   space 512K, 0% used [0x00000000d6680000,0x00000000d6680000,0x00000000d6700000)
 ParOldGen       total 68608K, used 42648K [0x0000000080000000, 0x0000000084300000, 0x00000000d5580000)
  object space 68608K, 62% used [0x0000000080000000,0x00000000829a6300,0x0000000084300000)
 Metaspace       used 63592K, committed 64960K, reserved 1114112K
  class space    used 7991K, committed 8640K, reserved 1048576K
GC Heap History (20 events):
Event: 382.748 GC heap before
{Heap before GC invocations=159 (full 3):
 PSYoungGen      total 16896K, used 16448K [0x00000000d5580000, 0x00000000d6700000, 0x0000000100000000)
  eden space 16384K, 100% used [0x00000000d5580000,0x00000000d6580000,0x00000000d6580000)
  from space 512K, 12% used [0x00000000d6600000,0x00000000d6610000,0x00000000d6680000)
  to   space 512K, 0% used [0x00000000d6680000,0x00000000d6680000,0x00000000d6700000)
 ParOldGen       total 68608K, used 42576K [0x0000000080000000, 0x0000000084300000, 0x00000000d5580000)
  object space 68608K, 62% used [0x0000000080000000,0x0000000082994300,0x0000000084300000)
 Metaspace       used 63581K, committed 64960K, reserved 1114112K
  class space    used 7991K, committed 8640K, reserved 1048576K
}
Event: 382.921 GC heap after
{Heap after GC invocations=159 (full 3):
 PSYoungGen      total 16896K, used 128K [0x00000000d5580000, 0x00000000d6700000, 0x0000000100000000)
  eden space 16384K, 0% used [0x00000000d5580000,0x00000000d5580000,0x00000000d6580000)
  from space 512K, 25% used [0x00000000d6680000,0x00000000d66a0000,0x00000000d6700000)
  to   space 512K, 0% used [0x00000000d6600000,0x00000000d6600000,0x00000000d6680000)
 ParOldGen       total 68608K, used 42576K [0x0000000080000000, 0x0000000084300000, 0x00000000d5580000)
  object space 68608K, 62% used [0x0000000080000000,0x0000000082994300,0x0000000084300000)
 Metaspace       used 63581K, committed 64960K, reserved 1114112K
  class space    used 7991K, committed 8640K, reserved 1048576K
}
Event: 383.171 GC heap before
{Heap before GC invocations=160 (full 3):
 PSYoungGen      total 16896K, used 16512K [0x00000000d5580000, 0x00000000d6700000, 0x0000000100000000)
  eden space 16384K, 100% used [0x00000000d5580000,0x00000000d6580000,0x00000000d6580000)
  from space 512K, 25% used [0x00000000d6680000,0x00000000d66a0000,0x00000000d6700000)
  to   space 512K, 0% used [0x00000000d6600000,0x00000000d6600000,0x00000000d6680000)
 ParOldGen       total 68608K, used 42576K [0x0000000080000000, 0x0000000084300000, 0x00000000d5580000)
  object space 68608K, 62% used [0x0000000080000000,0x0000000082994300,0x0000000084300000)
 Metaspace       used 63581K, committed 64960K, reserved 1114112K
  class space    used 7991K, committed 8640K, reserved 1048576K
}
Event: 383.243 GC heap after
{Heap after GC invocations=160 (full 3):
 PSYoungGen      total 16896K, used 64K [0x00000000d5580000, 0x00000000d6700000, 0x0000000100000000)
  eden space 16384K, 0% used [0x00000000d5580000,0x00000000d5580000,0x00000000d6580000)
  from space 512K, 12% used [0x00000000d6600000,0x00000000d6610000,0x00000000d6680000)
  to   space 512K, 0% used [0x00000000d6680000,0x00000000d6680000,0x00000000d6700000)
 ParOldGen       total 68608K, used 42584K [0x0000000080000000, 0x0000000084300000, 0x00000000d5580000)
  object space 68608K, 62% used [0x0000000080000000,0x0000000082996300,0x0000000084300000)
 Metaspace       used 63581K, committed 64960K, reserved 1114112K
  class space    used 7991K, committed 8640K, reserved 1048576K
}
Event: 384.220 GC heap before
{Heap before GC invocations=161 (full 3):
 PSYoungGen      total 16896K, used 16448K [0x00000000d5580000, 0x00000000d6700000, 0x0000000100000000)
  eden space 16384K, 100% used [0x00000000d5580000,0x00000000d6580000,0x00000000d6580000)
  from space 512K, 12% used [0x00000000d6600000,0x00000000d6610000,0x00000000d6680000)
  to   space 512K, 0% used [0x00000000d6680000,0x00000000d6680000,0x00000000d6700000)
 ParOldGen       total 68608K, used 42584K [0x0000000080000000, 0x0000000084300000, 0x00000000d5580000)
  object space 68608K, 62% used [0x0000000080000000,0x0000000082996300,0x0000000084300000)
 Metaspace       used 63582K, committed 64960K, reserved 1114112K
  class space    used 7991K, committed 8640K, reserved 1048576K
}
Event: 384.223 GC heap after
{Heap after GC invocations=161 (full 3):
 PSYoungGen      total 16896K, used 96K [0x00000000d5580000, 0x00000000d6700000, 0x0000000100000000)
  eden space 16384K, 0% used [0x00000000d5580000,0x00000000d5580000,0x00000000d6580000)
  from space 512K, 18% used [0x00000000d6680000,0x00000000d6698000,0x00000000d6700000)
  to   space 512K, 0% used [0x00000000d6600000,0x00000000d6600000,0x00000000d6680000)
 ParOldGen       total 68608K, used 42592K [0x0000000080000000, 0x0000000084300000, 0x00000000d5580000)
  object space 68608K, 62% used [0x0000000080000000,0x0000000082998300,0x0000000084300000)
 Metaspace       used 63582K, committed 64960K, reserved 1114112K
  class space    used 7991K, committed 8640K, reserved 1048576K
}
Event: 384.817 GC heap before
{Heap before GC invocations=162 (full 3):
 PSYoungGen      total 16896K, used 16480K [0x00000000d5580000, 0x00000000d6700000, 0x0000000100000000)
  eden space 16384K, 100% used [0x00000000d5580000,0x00000000d6580000,0x00000000d6580000)
  from space 512K, 18% used [0x00000000d6680000,0x00000000d6698000,0x00000000d6700000)
  to   space 512K, 0% used [0x00000000d6600000,0x00000000d6600000,0x00000000d6680000)
 ParOldGen       total 68608K, used 42592K [0x0000000080000000, 0x0000000084300000, 0x00000000d5580000)
  object space 68608K, 62% used [0x0000000080000000,0x0000000082998300,0x0000000084300000)
 Metaspace       used 63582K, committed 64960K, reserved 1114112K
  class space    used 7991K, committed 8640K, reserved 1048576K
}
Event: 384.839 GC heap after
{Heap after GC invocations=162 (full 3):
 PSYoungGen      total 16896K, used 64K [0x00000000d5580000, 0x00000000d6700000, 0x0000000100000000)
  eden space 16384K, 0% used [0x00000000d5580000,0x00000000d5580000,0x00000000d6580000)
  from space 512K, 12% used [0x00000000d6600000,0x00000000d6610000,0x00000000d6680000)
  to   space 512K, 0% used [0x00000000d6680000,0x00000000d6680000,0x00000000d6700000)
 ParOldGen       total 68608K, used 42608K [0x0000000080000000, 0x0000000084300000, 0x00000000d5580000)
  object space 68608K, 62% used [0x0000000080000000,0x000000008299c300,0x0000000084300000)
 Metaspace       used 63582K, committed 64960K, reserved 1114112K
  class space    used 7991K, committed 8640K, reserved 1048576K
}
Event: 385.055 GC heap before
{Heap before GC invocations=163 (full 3):
 PSYoungGen      total 16896K, used 16448K [0x00000000d5580000, 0x00000000d6700000, 0x0000000100000000)
  eden space 16384K, 100% used [0x00000000d5580000,0x00000000d6580000,0x00000000d6580000)
  from space 512K, 12% used [0x00000000d6600000,0x00000000d6610000,0x00000000d6680000)
  to   space 512K, 0% used [0x00000000d6680000,0x00000000d6680000,0x00000000d6700000)
 ParOldGen       total 68608K, used 42608K [0x0000000080000000, 0x0000000084300000, 0x00000000d5580000)
  object space 68608K, 62% used [0x0000000080000000,0x000000008299c300,0x0000000084300000)
 Metaspace       used 63582K, committed 64960K, reserved 1114112K
  class space    used 7991K, committed 8640K, reserved 1048576K
}
Event: 385.056 GC heap after
{Heap after GC invocations=163 (full 3):
 PSYoungGen      total 16896K, used 64K [0x00000000d5580000, 0x00000000d6700000, 0x0000000100000000)
  eden space 16384K, 0% used [0x00000000d5580000,0x00000000d5580000,0x00000000d6580000)
  from space 512K, 12% used [0x00000000d6680000,0x00000000d6690000,0x00000000d6700000)
  to   space 512K, 0% used [0x00000000d6600000,0x00000000d6600000,0x00000000d6680000)
 ParOldGen       total 68608K, used 42624K [0x0000000080000000, 0x0000000084300000, 0x00000000d5580000)
  object space 68608K, 62% used [0x0000000080000000,0x00000000829a0300,0x0000000084300000)
 Metaspace       used 63582K, committed 64960K, reserved 1114112K
  class space    used 7991K, committed 8640K, reserved 1048576K
}
Event: 385.297 GC heap before
{Heap before GC invocations=164 (full 3):
 PSYoungGen      total 16896K, used 16448K [0x00000000d5580000, 0x00000000d6700000, 0x0000000100000000)
  eden space 16384K, 100% used [0x00000000d5580000,0x00000000d6580000,0x00000000d6580000)
  from space 512K, 12% used [0x00000000d6680000,0x00000000d6690000,0x00000000d6700000)
  to   space 512K, 0% used [0x00000000d6600000,0x00000000d6600000,0x00000000d6680000)
 ParOldGen       total 68608K, used 42624K [0x0000000080000000, 0x0000000084300000, 0x00000000d5580000)
  object space 68608K, 62% used [0x0000000080000000,0x00000000829a0300,0x0000000084300000)
 Metaspace       used 63582K, committed 64960K, reserved 1114112K
  class space    used 7991K, committed 8640K, reserved 1048576K
}
Event: 385.300 GC heap after
{Heap after GC invocations=164 (full 3):
 PSYoungGen      total 16896K, used 96K [0x00000000d5580000, 0x00000000d6700000, 0x0000000100000000)
  eden space 16384K, 0% used [0x00000000d5580000,0x00000000d5580000,0x00000000d6580000)
  from space 512K, 18% used [0x00000000d6600000,0x00000000d6618000,0x00000000d6680000)
  to   space 512K, 0% used [0x00000000d6680000,0x00000000d6680000,0x00000000d6700000)
 ParOldGen       total 68608K, used 42624K [0x0000000080000000, 0x0000000084300000, 0x00000000d5580000)
  object space 68608K, 62% used [0x0000000080000000,0x00000000829a0300,0x0000000084300000)
 Metaspace       used 63582K, committed 64960K, reserved 1114112K
  class space    used 7991K, committed 8640K, reserved 1048576K
}
Event: 385.437 GC heap before
{Heap before GC invocations=165 (full 3):
 PSYoungGen      total 16896K, used 16480K [0x00000000d5580000, 0x00000000d6700000, 0x0000000100000000)
  eden space 16384K, 100% used [0x00000000d5580000,0x00000000d6580000,0x00000000d6580000)
  from space 512K, 18% used [0x00000000d6600000,0x00000000d6618000,0x00000000d6680000)
  to   space 512K, 0% used [0x00000000d6680000,0x00000000d6680000,0x00000000d6700000)
 ParOldGen       total 68608K, used 42624K [0x0000000080000000, 0x0000000084300000, 0x00000000d5580000)
  object space 68608K, 62% used [0x0000000080000000,0x00000000829a0300,0x0000000084300000)
 Metaspace       used 63582K, committed 64960K, reserved 1114112K
  class space    used 7991K, committed 8640K, reserved 1048576K
}
Event: 385.441 GC heap after
{Heap after GC invocations=165 (full 3):
 PSYoungGen      total 16896K, used 64K [0x00000000d5580000, 0x00000000d6700000, 0x0000000100000000)
  eden space 16384K, 0% used [0x00000000d5580000,0x00000000d5580000,0x00000000d6580000)
  from space 512K, 12% used [0x00000000d6680000,0x00000000d6690000,0x00000000d6700000)
  to   space 512K, 0% used [0x00000000d6600000,0x00000000d6600000,0x00000000d6680000)
 ParOldGen       total 68608K, used 42640K [0x0000000080000000, 0x0000000084300000, 0x00000000d5580000)
  object space 68608K, 62% used [0x0000000080000000,0x00000000829a4300,0x0000000084300000)
 Metaspace       used 63582K, committed 64960K, reserved 1114112K
  class space    used 7991K, committed 8640K, reserved 1048576K
}
Event: 386.662 GC heap before
{Heap before GC invocations=166 (full 3):
 PSYoungGen      total 16896K, used 16447K [0x00000000d5580000, 0x00000000d6700000, 0x0000000100000000)
  eden space 16384K, 99% used [0x00000000d5580000,0x00000000d657ffe0,0x00000000d6580000)
  from space 512K, 12% used [0x00000000d6680000,0x00000000d6690000,0x00000000d6700000)
  to   space 512K, 0% used [0x00000000d6600000,0x00000000d6600000,0x00000000d6680000)
 ParOldGen       total 68608K, used 42640K [0x0000000080000000, 0x0000000084300000, 0x00000000d5580000)
  object space 68608K, 62% used [0x0000000080000000,0x00000000829a4300,0x0000000084300000)
 Metaspace       used 63582K, committed 64960K, reserved 1114112K
  class space    used 7991K, committed 8640K, reserved 1048576K
}
Event: 386.663 GC heap after
{Heap after GC invocations=166 (full 3):
 PSYoungGen      total 16896K, used 96K [0x00000000d5580000, 0x00000000d6700000, 0x0000000100000000)
  eden space 16384K, 0% used [0x00000000d5580000,0x00000000d5580000,0x00000000d6580000)
  from space 512K, 18% used [0x00000000d6600000,0x00000000d6618000,0x00000000d6680000)
  to   space 512K, 0% used [0x00000000d6680000,0x00000000d6680000,0x00000000d6700000)
 ParOldGen       total 68608K, used 42640K [0x0000000080000000, 0x0000000084300000, 0x00000000d5580000)
  object space 68608K, 62% used [0x0000000080000000,0x00000000829a4300,0x0000000084300000)
 Metaspace       used 63582K, committed 64960K, reserved 1114112K
  class space    used 7991K, committed 8640K, reserved 1048576K
}
Event: 387.526 GC heap before
{Heap before GC invocations=167 (full 3):
 PSYoungGen      total 16896K, used 16480K [0x00000000d5580000, 0x00000000d6700000, 0x0000000100000000)
  eden space 16384K, 100% used [0x00000000d5580000,0x00000000d6580000,0x00000000d6580000)
  from space 512K, 18% used [0x00000000d6600000,0x00000000d6618000,0x00000000d6680000)
  to   space 512K, 0% used [0x00000000d6680000,0x00000000d6680000,0x00000000d6700000)
 ParOldGen       total 68608K, used 42640K [0x0000000080000000, 0x0000000084300000, 0x00000000d5580000)
  object space 68608K, 62% used [0x0000000080000000,0x00000000829a4300,0x0000000084300000)
 Metaspace       used 63582K, committed 64960K, reserved 1114112K
  class space    used 7991K, committed 8640K, reserved 1048576K
}
Event: 387.527 GC heap after
{Heap after GC invocations=167 (full 3):
 PSYoungGen      total 16896K, used 96K [0x00000000d5580000, 0x00000000d6700000, 0x0000000100000000)
  eden space 16384K, 0% used [0x00000000d5580000,0x00000000d5580000,0x00000000d6580000)
  from space 512K, 18% used [0x00000000d6680000,0x00000000d6698000,0x00000000d6700000)
  to   space 512K, 0% used [0x00000000d6600000,0x00000000d6600000,0x00000000d6680000)
 ParOldGen       total 68608K, used 42640K [0x0000000080000000, 0x0000000084300000, 0x00000000d5580000)
  object space 68608K, 62% used [0x0000000080000000,0x00000000829a4300,0x0000000084300000)
 Metaspace       used 63582K, committed 64960K, reserved 1114112K
  class space    used 7991K, committed 8640K, reserved 1048576K
}
Event: 387.654 GC heap before
{Heap before GC invocations=168 (full 3):
 PSYoungGen      total 16896K, used 16480K [0x00000000d5580000, 0x00000000d6700000, 0x0000000100000000)
  eden space 16384K, 100% used [0x00000000d5580000,0x00000000d6580000,0x00000000d6580000)
  from space 512K, 18% used [0x00000000d6680000,0x00000000d6698000,0x00000000d6700000)
  to   space 512K, 0% used [0x00000000d6600000,0x00000000d6600000,0x00000000d6680000)
 ParOldGen       total 68608K, used 42640K [0x0000000080000000, 0x0000000084300000, 0x00000000d5580000)
  object space 68608K, 62% used [0x0000000080000000,0x00000000829a4300,0x0000000084300000)
 Metaspace       used 63582K, committed 64960K, reserved 1114112K
  class space    used 7991K, committed 8640K, reserved 1048576K
}
Event: 387.655 GC heap after
{Heap after GC invocations=168 (full 3):
 PSYoungGen      total 16896K, used 64K [0x00000000d5580000, 0x00000000d6700000, 0x0000000100000000)
  eden space 16384K, 0% used [0x00000000d5580000,0x00000000d5580000,0x00000000d6580000)
  from space 512K, 12% used [0x00000000d6600000,0x00000000d6610000,0x00000000d6680000)
  to   space 512K, 0% used [0x00000000d6680000,0x00000000d6680000,0x00000000d6700000)
 ParOldGen       total 68608K, used 42648K [0x0000000080000000, 0x0000000084300000, 0x00000000d5580000)
  object space 68608K, 62% used [0x0000000080000000,0x00000000829a6300,0x0000000084300000)
 Metaspace       used 63582K, committed 64960K, reserved 1114112K
  class space    used 7991K, committed 8640K, reserved 1048576K
}

